
The following files have been resolved:
   org.eclipse.jetty:jetty-webapp:jar:9.3.6.v20151106:compile
   org.eclipse.jetty.websocket:websocket-client:jar:9.3.6.v20151106:compile
   org.slf4j:slf4j-api:jar:1.7.21:compile
   org.eclipse.jetty:jetty-server:jar:9.3.6.v20151106:compile
   org.slf4j:slf4j-log4j12:jar:1.7.21:compile
   log4j:log4j:jar:1.2.17:compile
   org.eclipse.jetty:jetty-servlet:jar:9.3.6.v20151106:compile
   javax.servlet:javax.servlet-api:jar:3.1.0:compile
   org.eclipse.jetty:jetty-xml:jar:9.3.6.v20151106:compile
   org.eclipse.jetty.websocket:websocket-api:jar:9.3.6.v20151106:compile
   org.postgresql:postgresql:jar:9.4.1208.jre7:compile
   org.eclipse.jetty.websocket:websocket-servlet:jar:9.3.6.v20151106:compile
   com.sparkjava:spark-core:jar:2.5:compile
   org.eclipse.jetty:jetty-security:jar:9.3.6.v20151106:compile
   org.eclipse.jetty:jetty-util:jar:9.3.6.v20151106:compile
   org.eclipse.jetty:jetty-http:jar:9.3.6.v20151106:compile
   org.eclipse.jetty.websocket:websocket-server:jar:9.3.6.v20151106:compile
   org.eclipse.jetty.websocket:websocket-common:jar:9.3.6.v20151106:compile
   c3p0:c3p0:jar:0.9.1.2:compile
   org.json:json:jar:20160212:compile
   org.eclipse.jetty:jetty-io:jar:9.3.6.v20151106:compile

